<?xml version="1.0" encoding="UTF-8"?>
<!-- Generated by org.testng.reporters.JUnitXMLReporter -->
<testsuite ignored="0" hostname="LAP-2441" failures="2" tests="2" name="Test" time="83.67" errors="0" timestamp="2024-07-25T11:01:10 IST">
  <testcase classname="com.sprinto.tests.TestCases" name="TestCase_01" time="35.66">
    <failure type="java.lang.AssertionError" message="The following asserts failed:
	expected [true] but found [false]">
      <![CDATA[java.lang.AssertionError: The following asserts failed:
expected [true] but found [false]
at com.sprinto.tests.TestCases.TestCase_01(TestCases.java:88)
at java.base/java.util.ArrayList.forEach(ArrayList.java:1596)
... Removed 27 stack frames]]>
    </failure>
  </testcase> <!-- TestCase_01 -->
  <testcase classname="com.sprinto.tests.TestCases" name="TestCase_02" time="33.747">
    <failure type="java.lang.AssertionError" message="The following asserts failed:
	expected [true] but found [false]">
      <![CDATA[java.lang.AssertionError: The following asserts failed:
expected [true] but found [false]
at com.sprinto.tests.TestCases.TestCase_02(TestCases.java:135)
at java.base/java.util.ArrayList.forEach(ArrayList.java:1596)
... Removed 27 stack frames]]>
    </failure>
  </testcase> <!-- TestCase_02 -->
</testsuite> <!-- Test -->
